#
# A fatal error has been detected by the Java Runtime Environment:
#
#  EXCEPTION_ACCESS_VIOLATION (0xc0000005) at pc=0x00007ff8ab140184, pid=10968, tid=9908
#
# JRE version: OpenJDK Runtime Environment (22.0.1+8) (build 22.0.1+8-16)
# Java VM: OpenJDK 64-Bit Server VM (22.0.1+8-16, mixed mode, sharing, tiered, compressed oops, compressed class ptrs, g1 gc, windows-amd64)
# Problematic frame:
# V  [jvm.dll+0x170184]
#
# No core dump will be written. Minidumps are not enabled by default on client versions of Windows
#
# If you would like to submit a bug report, please visit:
#   https://bugreport.java.com/bugreport/crash.jsp
#

---------------  S U M M A R Y ------------

Command Line: -javaagent:C:\Program Files\JetBrains\IntelliJ IDEA Community Edition 2024.1.4\lib\idea_rt.jar=50479:C:\Program Files\JetBrains\IntelliJ IDEA Community Edition 2024.1.4\bin -Dfile.encoding=UTF-8 -Dsun.stdout.encoding=UTF-8 -Dsun.stderr.encoding=UTF-8 com.sakshi.springboot.carinventory.CarinventoryApplication

Host: Intel(R) Core(TM) i5-6300U CPU @ 2.40GHz, 4 cores, 19G,  Windows 10 , 64 bit Build 19041 (10.0.19041.3570)
Time: Wed Aug 21 11:04:14 2024 India Standard Time elapsed time: 1.394768 seconds (0d 0h 0m 1s)

---------------  T H R E A D  ---------------

Current thread (0x0000024af45eaa50):  JavaThread "C1 CompilerThread0" daemon [_thread_in_native, id=9908, stack(0x000000f8a4100000,0x000000f8a4200000) (1024K)]


Current CompileTask:
C1:1394 1043       3       java.io.WinNTFileSystem::resolve (349 bytes)

Stack: [0x000000f8a4100000,0x000000f8a4200000],  sp=0x000000f8a41fe680,  free space=1017k
Native frames: (J=compiled Java code, j=interpreted, Vv=VM code, C=native code)
V  [jvm.dll+0x170184]  (no source info available)
V  [jvm.dll+0x16ffbb]  (no source info available)
V  [jvm.dll+0x153ba9]  (no source info available)
V  [jvm.dll+0x15365d]  (no source info available)
V  [jvm.dll+0x1538a0]  (no source info available)
V  [jvm.dll+0x152c1d]  (no source info available)
V  [jvm.dll+0x154add]  (no source info available)
V  [jvm.dll+0x2569fe]  (no source info available)
V  [jvm.dll+0x254cba]  (no source info available)
V  [jvm.dll+0x3f5336]  (no source info available)
V  [jvm.dll+0x81d44b]  (no source info available)
V  [jvm.dll+0x6e0915]  (no source info available)
C  [ucrtbase.dll+0x21bb2]  (no source info available)
C  [KERNEL32.DLL+0x17344]  (no source info available)
C  [ntdll.dll+0x526b1]  (no source info available)


siginfo: EXCEPTION_ACCESS_VIOLATION (0xc0000005), reading address 0xffffffffffffffff


Registers:
RAX=0x00087ff8ab992298, RBX=0x000000f8a41fe720, RCX=0x0000024ac5aeb088, RDX=0x000000f8a41fe720
RSP=0x000000f8a41fe680, RBP=0x000000000000006d, RSI=0x0000024ac5aeb088, RDI=0x000000000000004c
R8 =0x0000024ac5aeadc0, R9 =0x0000024ac5aeadc0, R10=0x0000024ae3bc3bae, R11=0x000000f8a41feb20
R12=0x0000000000000033, R13=0x0000024ac5aeaa90, R14=0x0000024ac5b831b8, R15=0x000000000000000a
RIP=0x00007ff8ab140184, EFLAGS=0x0000000000010246


Register to memory mapping:

RAX=0x00087ff8ab992298 is an unknown value
RBX=0x000000f8a41fe720 is pointing into the stack for thread: 0x0000024af45eaa50
RCX=0x0000024ac5aeb088 points into unknown readable memory: 0x00087ff8ab992298 | 98 22 99 ab f8 7f 08 00
RDX=0x000000f8a41fe720 is pointing into the stack for thread: 0x0000024af45eaa50
RSP=0x000000f8a41fe680 is pointing into the stack for thread: 0x0000024af45eaa50
RBP=0x000000000000006d is an unknown value
RSI=0x0000024ac5aeb088 points into unknown readable memory: 0x00087ff8ab992298 | 98 22 99 ab f8 7f 08 00
RDI=0x000000000000004c is an unknown value
R8 =0x0000024ac5aeadc0 points into unknown readable memory: 0x00000000000052b9 | b9 52 00 00 00 00 00 00
R9 =0x0000024ac5aeadc0 points into unknown readable memory: 0x00000000000052b9 | b9 52 00 00 00 00 00 00
R10=0x0000024ae3bc3bae is at code_begin+5294 in 
[CodeBlob (0x0000024ae3bc2690)]
Framesize: 0
BufferBlob (0x0000024ae3bc2690) used for C1 temporary CodeBuffer
R11=0x000000f8a41feb20 is pointing into the stack for thread: 0x0000024af45eaa50
R12=0x0000000000000033 is an unknown value
R13=0x0000024ac5aeaa90 points into unknown readable memory: 0x0000004000000033 | 33 00 00 00 40 00 00 00
R14=0x0000024ac5b831b8 points into unknown readable memory: 0x0000007b0000006d | 6d 00 00 00 7b 00 00 00
R15=0x000000000000000a is an unknown value

Top of Stack: (sp=0x000000f8a41fe680)
0x000000f8a41fe680:   000000f8a41fe720 0000024ac5aeaeb0
0x000000f8a41fe690:   000000f8a41fe720 000000f8a41fe720
0x000000f8a41fe6a0:   0000000000000000 0000024ac5b831b8
0x000000f8a41fe6b0:   000000f8a41ff1c0 0000024af458a890
0x000000f8a41fe6c0:   000000f8a41fe720 00007ff8ab13ffbb
0x000000f8a41fe6d0:   000000000000006d 0000024ac5bbd6e0
0x000000f8a41fe6e0:   000000000000004c 0000000000000000
0x000000f8a41fe6f0:   00007ff8abbaaa10 00007ff8ab123ba9
0x000000f8a41fe700:   0000024ac5261108 000000f8a41feb20
0x000000f8a41fe710:   000000f8a41fea40 0000000000000000
0x000000f8a41fe720:   0000024ac5261108 0000024ac5261138
0x000000f8a41fe730:   000000f8a41fea40 0000024ac5950258
0x000000f8a41fe740:   0000000000000000 0000000000000000
0x000000f8a41fe750:   0000000000000000 0000024affffffff
0x000000f8a41fe760:   0000000000000000 0000000000000000
0x000000f8a41fe770:   0000000000000000 0000000000000000
0x000000f8a41fe780:   00002752eceb69cc 000000f8a41fea40
0x000000f8a41fe790:   000000f8a41fea40 00007ff8ab12365d
0x000000f8a41fe7a0:   0000024ac5a35fa0 0000024ac5950258
0x000000f8a41fe7b0:   0000000000000000 0000024ac5a35fa0
0x000000f8a41fe7c0:   0000024af45eb200 0000000000000640
0x000000f8a41fe7d0:   0000000000000000 0000000000000000
0x000000f8a41fe7e0:   0000000000000000 00007ff8ab265100
0x000000f8a41fe7f0:   000000f8a41fea60 00007ff8ab989920
0x000000f8a41fe800:   0000000000000000 0000000000000000
0x000000f8a41fe810:   000000000000000b 00000000000003d8
0x000000f8a41fe820:   00000000000003d8 00007ff8ab1238a0
0x000000f8a41fe830:   000000f8a41fea40 000000f8a41fea60
0x000000f8a41fe840:   0000024ac5a35fa0 000000070000001f
0x000000f8a41fe850:   0000000000000000 00000000ffffffff
0x000000f8a41fe860:   0000024a00000000 0000024af45eb150
0x000000f8a41fe870:   0000000000000007 000000f8a41feae0 

Instructions: (pc=0x00007ff8ab140184)
0x00007ff8ab140084:   48 8b 04 07 83 78 18 ff 75 36 48 8b 50 10 48 85
0x00007ff8ab140094:   d2 74 20 83 3a 01 7e 1b 49 8b 0f 4c 8b 41 08 41
0x00007ff8ab1400a4:   8b 48 10 41 2b 08 89 48 18 49 8b cf e8 4b 00 00
0x00007ff8ab1400b4:   00 eb 0d 48 8b 48 08 8b 91 00 01 00 00 89 50 18
0x00007ff8ab1400c4:   ff c3 48 83 c7 08 3b 1e 7c b2 ff c5 49 83 c6 08
0x00007ff8ab1400d4:   41 3b 6d 00 7c 86 4c 8b 74 24 58 48 8b 7c 24 50
0x00007ff8ab1400e4:   48 8b 74 24 48 48 8b 5c 24 40 48 83 c4 20 41 5f
0x00007ff8ab1400f4:   41 5d 5d c3 cc cc cc cc cc cc cc cc 40 53 41 54
0x00007ff8ab140104:   41 55 48 83 ec 30 4c 8b ea 48 8b d9 e8 db a6 e9
0x00007ff8ab140114:   ff 4d 63 65 00 4d 85 e4 0f 8e 36 01 00 00 48 89
0x00007ff8ab140124:   74 24 58 4c 89 7c 24 20 45 33 ff 48 89 6c 24 50
0x00007ff8ab140134:   48 89 7c 24 60 4c 89 74 24 28 66 90 49 8b 45 08
0x00007ff8ab140144:   4a 8b 34 f8 48 8b 03 48 8b 48 08 8b 41 18 2b 41
0x00007ff8ab140154:   10 3d 00 08 00 00 7d 10 48 8b 4b 10 48 8d 15 69
0x00007ff8ab140164:   16 85 00 e8 44 2e fe ff 48 8b 43 10 48 83 78 70
0x00007ff8ab140174:   00 0f 85 c4 00 00 00 48 8b 06 48 8b d3 48 8b ce
0x00007ff8ab140184:   ff 50 10 48 8b 4b 10 e8 e0 38 fe ff 80 78 08 00
0x00007ff8ab140194:   0f 84 99 00 00 00 48 8b 76 28 48 85 f6 0f 84 8c
0x00007ff8ab1401a4:   00 00 00 48 8b 03 48 8b 48 08 8b 79 10 2b 39 48
0x00007ff8ab1401b4:   39 73 28 74 77 48 8b 06 48 8b ce ff 90 b8 00 00
0x00007ff8ab1401c4:   00 48 85 c0 74 06 48 8b 68 60 eb 04 48 8b 6e 40
0x00007ff8ab1401d4:   48 85 ed 74 5a 4c 8b 73 28 4d 85 f6 74 35 49 8b
0x00007ff8ab1401e4:   06 49 8b ce ff 90 b8 00 00 00 48 85 c0 74 06 48
0x00007ff8ab1401f4:   8b 40 60 eb 04 49 8b 46 40 48 3b c5 74 2e 39 7b
0x00007ff8ab140204:   30 7d 08 48 8b cb e8 b1 0e 00 00 48 c7 43 28 00
0x00007ff8ab140214:   00 00 00 48 8b 4b 10 e8 50 38 fe ff 48 8b c8 e8
0x00007ff8ab140224:   e8 09 00 00 3b f8 7e 07 48 89 73 28 89 7b 30 49
0x00007ff8ab140234:   ff c7 4d 3b fc 0f 8c 01 ff ff ff 4c 8b 74 24 28
0x00007ff8ab140244:   48 8b 7c 24 60 48 8b 6c 24 50 48 8b 74 24 58 4c
0x00007ff8ab140254:   8b 7c 24 20 48 83 c4 30 41 5d 41 5c 5b c3 cc cc
0x00007ff8ab140264:   cc cc cc cc cc cc cc cc cc cc cc cc 40 56 48 83
0x00007ff8ab140274:   ec 20 0f b7 42 10 48 8b f1 83 c0 fe 83 f8 0f 0f 


Stack slot to memory mapping:

stack at sp + 0 slots: 0x000000f8a41fe720 is pointing into the stack for thread: 0x0000024af45eaa50
stack at sp + 1 slots: 0x0000024ac5aeaeb0 points into unknown readable memory: 0x00007ff8ab981b18 | 18 1b 98 ab f8 7f 00 00
stack at sp + 2 slots: 0x000000f8a41fe720 is pointing into the stack for thread: 0x0000024af45eaa50
stack at sp + 3 slots: 0x000000f8a41fe720 is pointing into the stack for thread: 0x0000024af45eaa50
stack at sp + 4 slots: 0x0 is null
stack at sp + 5 slots: 0x0000024ac5b831b8 points into unknown readable memory: 0x0000007b0000006d | 6d 00 00 00 7b 00 00 00
stack at sp + 6 slots: 0x000000f8a41ff1c0 is pointing into the stack for thread: 0x0000024af45eaa50
stack at sp + 7 slots: 0x0000024af458a890 points into unknown readable memory: 0x00007ff8ab98a050 | 50 a0 98 ab f8 7f 00 00


---------------  P R O C E S S  ---------------

Threads class SMR info:
_java_thread_list=0x0000024ac52fd4f0, length=13, elements={
0x0000024ad28f5d30, 0x0000024af45b05b0, 0x0000024af45b3440, 0x0000024af45b4670,
0x0000024af45b52d0, 0x0000024af45b80a0, 0x0000024af45e1ce0, 0x0000024af45e4a80,
0x0000024af45eaa50, 0x0000024ac51a22d0, 0x0000024ac53804d0, 0x0000024ac550dda0,
0x0000024ac550bcd0
}

Java Threads: ( => current thread )
  0x0000024ad28f5d30 JavaThread "main"                              [_thread_in_Java, id=7708, stack(0x000000f8a3200000,0x000000f8a3300000) (1024K)]
  0x0000024af45b05b0 JavaThread "Reference Handler"          daemon [_thread_blocked, id=684, stack(0x000000f8a3a00000,0x000000f8a3b00000) (1024K)]
  0x0000024af45b3440 JavaThread "Finalizer"                  daemon [_thread_blocked, id=9932, stack(0x000000f8a3b00000,0x000000f8a3c00000) (1024K)]
  0x0000024af45b4670 JavaThread "Signal Dispatcher"          daemon [_thread_blocked, id=9272, stack(0x000000f8a3c00000,0x000000f8a3d00000) (1024K)]
  0x0000024af45b52d0 JavaThread "Attach Listener"            daemon [_thread_blocked, id=3204, stack(0x000000f8a3d00000,0x000000f8a3e00000) (1024K)]
  0x0000024af45b80a0 JavaThread "Service Thread"             daemon [_thread_blocked, id=11140, stack(0x000000f8a3e00000,0x000000f8a3f00000) (1024K)]
  0x0000024af45e1ce0 JavaThread "Monitor Deflation Thread"   daemon [_thread_blocked, id=220, stack(0x000000f8a3f00000,0x000000f8a4000000) (1024K)]
  0x0000024af45e4a80 JavaThread "C2 CompilerThread0"         daemon [_thread_blocked, id=3960, stack(0x000000f8a4000000,0x000000f8a4100000) (1024K)]
=>0x0000024af45eaa50 JavaThread "C1 CompilerThread0"         daemon [_thread_in_native, id=9908, stack(0x000000f8a4100000,0x000000f8a4200000) (1024K)]
  0x0000024ac51a22d0 JavaThread "Common-Cleaner"             daemon [_thread_blocked, id=9328, stack(0x000000f8a4200000,0x000000f8a4300000) (1024K)]
  0x0000024ac53804d0 JavaThread "C2 CompilerThread1"         daemon [_thread_blocked, id=8460, stack(0x000000f8a4300000,0x000000f8a4400000) (1024K)]
  0x0000024ac550dda0 JavaThread "Monitor Ctrl-Break"         daemon [_thread_in_native, id=2596, stack(0x000000f8a4400000,0x000000f8a4500000) (1024K)]
  0x0000024ac550bcd0 JavaThread "Notification Thread"        daemon [_thread_blocked, id=7616, stack(0x000000f8a4500000,0x000000f8a4600000) (1024K)]
Total: 13

Other Threads:
  0x0000024af45949e0 VMThread "VM Thread"                           [id=4128, stack(0x000000f8a3900000,0x000000f8a3a00000) (1024K)]
  0x0000024af4579190 WatcherThread "VM Periodic Task Thread"        [id=9228, stack(0x000000f8a3800000,0x000000f8a3900000) (1024K)]
  0x0000024ad2b413f0 WorkerThread "GC Thread#0"                     [id=11008, stack(0x000000f8a3300000,0x000000f8a3400000) (1024K)]
  0x0000024ac5c4ed20 WorkerThread "GC Thread#1"                     [id=7876, stack(0x000000f8a4600000,0x000000f8a4700000) (1024K)]
  0x0000024ac5878130 WorkerThread "GC Thread#2"                     [id=10408, stack(0x000000f8a4700000,0x000000f8a4800000) (1024K)]
  0x0000024ac58784e0 WorkerThread "GC Thread#3"                     [id=6300, stack(0x000000f8a4800000,0x000000f8a4900000) (1024K)]
  0x0000024ad2b4c2f0 ConcurrentGCThread "G1 Main Marker"            [id=844, stack(0x000000f8a3400000,0x000000f8a3500000) (1024K)]
  0x0000024ad2b4cfb0 WorkerThread "G1 Conc#0"                       [id=10060, stack(0x000000f8a3500000,0x000000f8a3600000) (1024K)]
  0x0000024af4451660 ConcurrentGCThread "G1 Refine#0"               [id=10404, stack(0x000000f8a3600000,0x000000f8a3700000) (1024K)]
  0x0000024af44521e0 ConcurrentGCThread "G1 Service"                [id=6708, stack(0x000000f8a3700000,0x000000f8a3800000) (1024K)]
Total: 10

Threads with active compile tasks:
C1 CompilerThread0  1618 1043       3       java.io.WinNTFileSystem::resolve (349 bytes)
Total: 1

VM state: not at safepoint (normal execution)

VM Mutex/Monitor currently owned by a thread: None

Heap address: 0x00000006c1c00000, size: 5092 MB, Compressed Oops mode: Zero based, Oop shift amount: 3

CDS archive(s) mapped at: [0x0000024a80000000-0x0000024a80c50000-0x0000024a80c50000), size 12910592, SharedBaseAddress: 0x0000024a80000000, ArchiveRelocationMode: 1.
Compressed class space mapped at: 0x0000024a81000000-0x0000024ac1000000, reserved size: 1073741824
Narrow klass base: 0x0000024a80000000, Narrow klass shift: 0, Narrow klass range: 0x41000000

GC Precious Log:
 CardTable entry size: 512
 Card Set container configuration: InlinePtr #cards 4 size 8 Array Of Cards #cards 32 size 80 Howl #buckets 8 coarsen threshold 7372 Howl Bitmap #cards 1024 size 144 coarsen threshold 921 Card regions per heap region 1 cards per card region 8192
 CPUs: 4 total, 4 available
 Memory: 20355M
 Large Page Support: Disabled
 NUMA Support: Disabled
 Compressed Oops: Enabled (Zero based)
 Heap Region Size: 4M
 Heap Min Capacity: 8M
 Heap Initial Capacity: 320M
 Heap Max Capacity: 5092M
 Pre-touch: Disabled
 Parallel Workers: 4
 Concurrent Workers: 1
 Concurrent Refinement Workers: 4
 Periodic GC: Disabled

Heap:
 garbage-first heap   total reserved 5214208K, committed 327680K, used 5818K [0x00000006c1c00000, 0x0000000800000000)
  region size 4096K, 2 young (8192K), 1 survivors (4096K)
 Metaspace       used 5568K, committed 5824K, reserved 1114112K
  class space    used 639K, committed 768K, reserved 1048576K

Heap Regions: E=young(eden), S=young(survivor), O=old, HS=humongous(starts), HC=humongous(continues), CS=collection set, F=free, TAMS=top-at-mark-start, PB=parsable bottom
|   0|0x00000006c1c00000, 0x00000006c1dae968, 0x00000006c2000000| 42%| O|  |TAMS 0x00000006c1c00000| PB 0x00000006c1c00000| Untracked |  0
|   1|0x00000006c2000000, 0x00000006c2000000, 0x00000006c2400000|  0%| F|  |TAMS 0x00000006c2000000| PB 0x00000006c2000000| Untracked |  0
|   2|0x00000006c2400000, 0x00000006c2400000, 0x00000006c2800000|  0%| F|  |TAMS 0x00000006c2400000| PB 0x00000006c2400000| Untracked |  0
|   3|0x00000006c2800000, 0x00000006c2800000, 0x00000006c2c00000|  0%| F|  |TAMS 0x00000006c2800000| PB 0x00000006c2800000| Untracked |  0
|   4|0x00000006c2c00000, 0x00000006c2c00000, 0x00000006c3000000|  0%| F|  |TAMS 0x00000006c2c00000| PB 0x00000006c2c00000| Untracked |  0
|   5|0x00000006c3000000, 0x00000006c3000000, 0x00000006c3400000|  0%| F|  |TAMS 0x00000006c3000000| PB 0x00000006c3000000| Untracked |  0
|   6|0x00000006c3400000, 0x00000006c3400000, 0x00000006c3800000|  0%| F|  |TAMS 0x00000006c3400000| PB 0x00000006c3400000| Untracked |  0
|   7|0x00000006c3800000, 0x00000006c3800000, 0x00000006c3c00000|  0%| F|  |TAMS 0x00000006c3800000| PB 0x00000006c3800000| Untracked |  0
|   8|0x00000006c3c00000, 0x00000006c3c00000, 0x00000006c4000000|  0%| F|  |TAMS 0x00000006c3c00000| PB 0x00000006c3c00000| Untracked |  0
|   9|0x00000006c4000000, 0x00000006c4000000, 0x00000006c4400000|  0%| F|  |TAMS 0x00000006c4000000| PB 0x00000006c4000000| Untracked |  0
|  10|0x00000006c4400000, 0x00000006c4400000, 0x00000006c4800000|  0%| F|  |TAMS 0x00000006c4400000| PB 0x00000006c4400000| Untracked |  0
|  11|0x00000006c4800000, 0x00000006c4800000, 0x00000006c4c00000|  0%| F|  |TAMS 0x00000006c4800000| PB 0x00000006c4800000| Untracked |  0
|  12|0x00000006c4c00000, 0x00000006c4c00000, 0x00000006c5000000|  0%| F|  |TAMS 0x00000006c4c00000| PB 0x00000006c4c00000| Untracked |  0
|  13|0x00000006c5000000, 0x00000006c5000000, 0x00000006c5400000|  0%| F|  |TAMS 0x00000006c5000000| PB 0x00000006c5000000| Untracked |  0
|  14|0x00000006c5400000, 0x00000006c5400000, 0x00000006c5800000|  0%| F|  |TAMS 0x00000006c5400000| PB 0x00000006c5400000| Untracked |  0
|  15|0x00000006c5800000, 0x00000006c5800000, 0x00000006c5c00000|  0%| F|  |TAMS 0x00000006c5800000| PB 0x00000006c5800000| Untracked |  0
|  16|0x00000006c5c00000, 0x00000006c5c00000, 0x00000006c6000000|  0%| F|  |TAMS 0x00000006c5c00000| PB 0x00000006c5c00000| Untracked |  0
|  17|0x00000006c6000000, 0x00000006c6000000, 0x00000006c6400000|  0%| F|  |TAMS 0x00000006c6000000| PB 0x00000006c6000000| Untracked |  0
|  18|0x00000006c6400000, 0x00000006c6400000, 0x00000006c6800000|  0%| F|  |TAMS 0x00000006c6400000| PB 0x00000006c6400000| Untracked |  0
|  19|0x00000006c6800000, 0x00000006c6800000, 0x00000006c6c00000|  0%| F|  |TAMS 0x00000006c6800000| PB 0x00000006c6800000| Untracked |  0
|  20|0x00000006c6c00000, 0x00000006c6c00000, 0x00000006c7000000|  0%| F|  |TAMS 0x00000006c6c00000| PB 0x00000006c6c00000| Untracked |  0
|  21|0x00000006c7000000, 0x00000006c7000000, 0x00000006c7400000|  0%| F|  |TAMS 0x00000006c7000000| PB 0x00000006c7000000| Untracked |  0
|  22|0x00000006c7400000, 0x00000006c7400000, 0x00000006c7800000|  0%| F|  |TAMS 0x00000006c7400000| PB 0x00000006c7400000| Untracked |  0
|  23|0x00000006c7800000, 0x00000006c7800000, 0x00000006c7c00000|  0%| F|  |TAMS 0x00000006c7800000| PB 0x00000006c7800000| Untracked |  0
|  24|0x00000006c7c00000, 0x00000006c7c00000, 0x00000006c8000000|  0%| F|  |TAMS 0x00000006c7c00000| PB 0x00000006c7c00000| Untracked |  0
|  25|0x00000006c8000000, 0x00000006c8000000, 0x00000006c8400000|  0%| F|  |TAMS 0x00000006c8000000| PB 0x00000006c8000000| Untracked |  0
|  26|0x00000006c8400000, 0x00000006c8400000, 0x00000006c8800000|  0%| F|  |TAMS 0x00000006c8400000| PB 0x00000006c8400000| Untracked |  0
|  27|0x00000006c8800000, 0x00000006c8800000, 0x00000006c8c00000|  0%| F|  |TAMS 0x00000006c8800000| PB 0x00000006c8800000| Untracked |  0
|  28|0x00000006c8c00000, 0x00000006c8c00000, 0x00000006c9000000|  0%| F|  |TAMS 0x00000006c8c00000| PB 0x00000006c8c00000| Untracked |  0
|  29|0x00000006c9000000, 0x00000006c9000000, 0x00000006c9400000|  0%| F|  |TAMS 0x00000006c9000000| PB 0x00000006c9000000| Untracked |  0
|  30|0x00000006c9400000, 0x00000006c9400000, 0x00000006c9800000|  0%| F|  |TAMS 0x00000006c9400000| PB 0x00000006c9400000| Untracked |  0
|  31|0x00000006c9800000, 0x00000006c9800000, 0x00000006c9c00000|  0%| F|  |TAMS 0x00000006c9800000| PB 0x00000006c9800000| Untracked |  0
|  32|0x00000006c9c00000, 0x00000006c9c00000, 0x00000006ca000000|  0%| F|  |TAMS 0x00000006c9c00000| PB 0x00000006c9c00000| Untracked |  0
|  33|0x00000006ca000000, 0x00000006ca000000, 0x00000006ca400000|  0%| F|  |TAMS 0x00000006ca000000| PB 0x00000006ca000000| Untracked |  0
|  34|0x00000006ca400000, 0x00000006ca400000, 0x00000006ca800000|  0%| F|  |TAMS 0x00000006ca400000| PB 0x00000006ca400000| Untracked |  0
|  35|0x00000006ca800000, 0x00000006ca800000, 0x00000006cac00000|  0%| F|  |TAMS 0x00000006ca800000| PB 0x00000006ca800000| Untracked |  0
|  36|0x00000006cac00000, 0x00000006cac00000, 0x00000006cb000000|  0%| F|  |TAMS 0x00000006cac00000| PB 0x00000006cac00000| Untracked |  0
|  37|0x00000006cb000000, 0x00000006cb000000, 0x00000006cb400000|  0%| F|  |TAMS 0x00000006cb000000| PB 0x00000006cb000000| Untracked |  0
|  38|0x00000006cb400000, 0x00000006cb400000, 0x00000006cb800000|  0%| F|  |TAMS 0x00000006cb400000| PB 0x00000006cb400000| Untracked |  0
|  39|0x00000006cb800000, 0x00000006cb800000, 0x00000006cbc00000|  0%| F|  |TAMS 0x00000006cb800000| PB 0x00000006cb800000| Untracked |  0
|  40|0x00000006cbc00000, 0x00000006cbc00000, 0x00000006cc000000|  0%| F|  |TAMS 0x00000006cbc00000| PB 0x00000006cbc00000| Untracked |  0
|  41|0x00000006cc000000, 0x00000006cc000000, 0x00000006cc400000|  0%| F|  |TAMS 0x00000006cc000000| PB 0x00000006cc000000| Untracked |  0
|  42|0x00000006cc400000, 0x00000006cc400000, 0x00000006cc800000|  0%| F|  |TAMS 0x00000006cc400000| PB 0x00000006cc400000| Untracked |  0
|  43|0x00000006cc800000, 0x00000006cc800000, 0x00000006ccc00000|  0%| F|  |TAMS 0x00000006cc800000| PB 0x00000006cc800000| Untracked |  0
|  44|0x00000006ccc00000, 0x00000006ccc00000, 0x00000006cd000000|  0%| F|  |TAMS 0x00000006ccc00000| PB 0x00000006ccc00000| Untracked |  0
|  45|0x00000006cd000000, 0x00000006cd000000, 0x00000006cd400000|  0%| F|  |TAMS 0x00000006cd000000| PB 0x00000006cd000000| Untracked |  0
|  46|0x00000006cd400000, 0x00000006cd400000, 0x00000006cd800000|  0%| F|  |TAMS 0x00000006cd400000| PB 0x00000006cd400000| Untracked |  0
|  47|0x00000006cd800000, 0x00000006cd800000, 0x00000006cdc00000|  0%| F|  |TAMS 0x00000006cd800000| PB 0x00000006cd800000| Untracked |  0
|  48|0x00000006cdc00000, 0x00000006cdc00000, 0x00000006ce000000|  0%| F|  |TAMS 0x00000006cdc00000| PB 0x00000006cdc00000| Untracked |  0
|  49|0x00000006ce000000, 0x00000006ce000000, 0x00000006ce400000|  0%| F|  |TAMS 0x00000006ce000000| PB 0x00000006ce000000| Untracked |  0
|  50|0x00000006ce400000, 0x00000006ce400000, 0x00000006ce800000|  0%| F|  |TAMS 0x00000006ce400000| PB 0x00000006ce400000| Untracked |  0
|  51|0x00000006ce800000, 0x00000006ce800000, 0x00000006cec00000|  0%| F|  |TAMS 0x00000006ce800000| PB 0x00000006ce800000| Untracked |  0
|  52|0x00000006cec00000, 0x00000006cec00000, 0x00000006cf000000|  0%| F|  |TAMS 0x00000006cec00000| PB 0x00000006cec00000| Untracked |  0
|  53|0x00000006cf000000, 0x00000006cf000000, 0x00000006cf400000|  0%| F|  |TAMS 0x00000006cf000000| PB 0x00000006cf000000| Untracked |  0
|  54|0x00000006cf400000, 0x00000006cf400000, 0x00000006cf800000|  0%| F|  |TAMS 0x00000006cf400000| PB 0x00000006cf400000| Untracked |  0
|  55|0x00000006cf800000, 0x00000006cf800000, 0x00000006cfc00000|  0%| F|  |TAMS 0x00000006cf800000| PB 0x00000006cf800000| Untracked |  0
|  56|0x00000006cfc00000, 0x00000006cfc00000, 0x00000006d0000000|  0%| F|  |TAMS 0x00000006cfc00000| PB 0x00000006cfc00000| Untracked |  0
|  57|0x00000006d0000000, 0x00000006d0000000, 0x00000006d0400000|  0%| F|  |TAMS 0x00000006d0000000| PB 0x00000006d0000000| Untracked |  0
|  58|0x00000006d0400000, 0x00000006d0400000, 0x00000006d0800000|  0%| F|  |TAMS 0x00000006d0400000| PB 0x00000006d0400000| Untracked |  0
|  59|0x00000006d0800000, 0x00000006d0800000, 0x00000006d0c00000|  0%| F|  |TAMS 0x00000006d0800000| PB 0x00000006d0800000| Untracked |  0
|  60|0x00000006d0c00000, 0x00000006d0c00000, 0x00000006d1000000|  0%| F|  |TAMS 0x00000006d0c00000| PB 0x00000006d0c00000| Untracked |  0
|  61|0x00000006d1000000, 0x00000006d1000000, 0x00000006d1400000|  0%| F|  |TAMS 0x00000006d1000000| PB 0x00000006d1000000| Untracked |  0
|  62|0x00000006d1400000, 0x00000006d1400000, 0x00000006d1800000|  0%| F|  |TAMS 0x00000006d1400000| PB 0x00000006d1400000| Untracked |  0
|  63|0x00000006d1800000, 0x00000006d1800000, 0x00000006d1c00000|  0%| F|  |TAMS 0x00000006d1800000| PB 0x00000006d1800000| Untracked |  0
|  64|0x00000006d1c00000, 0x00000006d1c00000, 0x00000006d2000000|  0%| F|  |TAMS 0x00000006d1c00000| PB 0x00000006d1c00000| Untracked |  0
|  65|0x00000006d2000000, 0x00000006d2000000, 0x00000006d2400000|  0%| F|  |TAMS 0x00000006d2000000| PB 0x00000006d2000000| Untracked |  0
|  66|0x00000006d2400000, 0x00000006d2400000, 0x00000006d2800000|  0%| F|  |TAMS 0x00000006d2400000| PB 0x00000006d2400000| Untracked |  0
|  67|0x00000006d2800000, 0x00000006d2800000, 0x00000006d2c00000|  0%| F|  |TAMS 0x00000006d2800000| PB 0x00000006d2800000| Untracked |  0
|  68|0x00000006d2c00000, 0x00000006d2c00000, 0x00000006d3000000|  0%| F|  |TAMS 0x00000006d2c00000| PB 0x00000006d2c00000| Untracked |  0
|  69|0x00000006d3000000, 0x00000006d3000000, 0x00000006d3400000|  0%| F|  |TAMS 0x00000006d3000000| PB 0x00000006d3000000| Untracked |  0
|  70|0x00000006d3400000, 0x00000006d3400000, 0x00000006d3800000|  0%| F|  |TAMS 0x00000006d3400000| PB 0x00000006d3400000| Untracked |  0
|  71|0x00000006d3800000, 0x00000006d3800000, 0x00000006d3c00000|  0%| F|  |TAMS 0x00000006d3800000| PB 0x00000006d3800000| Untracked |  0
|  72|0x00000006d3c00000, 0x00000006d3c00000, 0x00000006d4000000|  0%| F|  |TAMS 0x00000006d3c00000| PB 0x00000006d3c00000| Untracked |  0
|  73|0x00000006d4000000, 0x00000006d4000000, 0x00000006d4400000|  0%| F|  |TAMS 0x00000006d4000000| PB 0x00000006d4000000| Untracked |  0
|  74|0x00000006d4400000, 0x00000006d4400000, 0x00000006d4800000|  0%| F|  |TAMS 0x00000006d4400000| PB 0x00000006d4400000| Untracked |  0
|  75|0x00000006d4800000, 0x00000006d4c00000, 0x00000006d4c00000|100%| S|CS|TAMS 0x00000006d4800000| PB 0x00000006d4800000| Complete |  0
|  76|0x00000006d4c00000, 0x00000006d4c00000, 0x00000006d5000000|  0%| F|  |TAMS 0x00000006d4c00000| PB 0x00000006d4c00000| Untracked |  0
|  77|0x00000006d5000000, 0x00000006d5000000, 0x00000006d5400000|  0%| F|  |TAMS 0x00000006d5000000| PB 0x00000006d5000000| Untracked |  0
|  78|0x00000006d5400000, 0x00000006d5400000, 0x00000006d5800000|  0%| F|  |TAMS 0x00000006d5400000| PB 0x00000006d5400000| Untracked |  0
|  79|0x00000006d5800000, 0x00000006d5bf7780, 0x00000006d5c00000| 99%| E|  |TAMS 0x00000006d5800000| PB 0x00000006d5800000| Complete |  0

Card table byte_map: [0x0000024aec630000,0x0000024aed030000] _byte_map_base: 0x0000024ae9022000

Marking Bits: (CMBitMap*) 0x0000024ad2b41b00
 Bits: [0x0000024aed030000, 0x0000024af1fc0000)

Polling page: 0x0000024ad2ba0000

Metaspace:

Usage:
  Non-class:      4.82 MB used.
      Class:    641.35 KB used.
       Both:      5.45 MB used.

Virtual space:
  Non-class space:       64.00 MB reserved,       4.94 MB (  8%) committed,  1 nodes.
      Class space:        1.00 GB reserved,     768.00 KB ( <1%) committed,  1 nodes.
             Both:        1.06 GB reserved,       5.69 MB ( <1%) committed. 

Chunk freelists:
   Non-Class:  9.73 MB
       Class:  15.09 MB
        Both:  24.83 MB

MaxMetaspaceSize: unlimited
CompressedClassSpaceSize: 1.00 GB
Initial GC threshold: 21.00 MB
Current GC threshold: 21.00 MB
CDS: on
 - commit_granule_bytes: 65536.
 - commit_granule_words: 8192.
 - virtual_space_node_default_size: 8388608.
 - enlarge_chunks_in_place: 1.
 - use_allocation_guard: 0.


Internal statistics:

num_allocs_failed_limit: 0.
num_arena_births: 144.
num_arena_deaths: 0.
num_vsnodes_births: 2.
num_vsnodes_deaths: 0.
num_space_committed: 91.
num_space_uncommitted: 0.
num_chunks_returned_to_freelist: 0.
num_chunks_taken_from_freelist: 324.
num_chunk_merges: 0.
num_chunk_splits: 181.
num_chunks_enlarged: 91.
num_inconsistent_stats: 0.

CodeHeap 'non-profiled nmethods': size=120000Kb used=400Kb max_used=400Kb free=119599Kb
 bounds [0x0000024ae40e0000, 0x0000024ae4350000, 0x0000024aeb610000]
CodeHeap 'profiled nmethods': size=120000Kb used=1759Kb max_used=1759Kb free=118240Kb
 bounds [0x0000024adc610000, 0x0000024adc880000, 0x0000024ae3b40000]
CodeHeap 'non-nmethods': size=5760Kb used=1371Kb max_used=1390Kb free=4388Kb
 bounds [0x0000024ae3b40000, 0x0000024ae3db0000, 0x0000024ae40e0000]
 total_blobs=1528 nmethods=1056 adapters=377
 compilation: enabled
              stopped_count=0, restarted_count=0
 full_count=0

Compilation events (20 events):
Event: 1.317 Thread 0x0000024af45eaa50 1035       3       sun.net.www.protocol.file.Handler::parseURL (18 bytes)
Event: 1.318 Thread 0x0000024ac53804d0 nmethod 1034 0x0000024ae413db10 code [0x0000024ae413dca0, 0x0000024ae413e048]
Event: 1.318 Thread 0x0000024af45eaa50 nmethod 1035 0x0000024adc7c4290 code [0x0000024adc7c4440, 0x0000024adc7c4600]
Event: 1.326 Thread 0x0000024af45eaa50 1036       3       java.lang.invoke.DirectMethodHandle::preparedLambdaForm (244 bytes)
Event: 1.327 Thread 0x0000024af45eaa50 nmethod 1036 0x0000024adc7c4710 code [0x0000024adc7c4a00, 0x0000024adc7c58f0]
Event: 1.328 Thread 0x0000024af45eaa50 1038       3       java.util.HashMap::tableSizeFor (32 bytes)
Event: 1.328 Thread 0x0000024af45eaa50 nmethod 1038 0x0000024adc7c5e90 code [0x0000024adc7c6040, 0x0000024adc7c6240]
Event: 1.334 Thread 0x0000024af45eaa50 1039       3       java.util.zip.Checksum::update (11 bytes)
Event: 1.335 Thread 0x0000024af45eaa50 nmethod 1039 0x0000024adc7c6310 code [0x0000024adc7c64c0, 0x0000024adc7c66c8]
Event: 1.335 Thread 0x0000024af45eaa50 1040       3       java.util.zip.CRC32::update (38 bytes)
Event: 1.335 Thread 0x0000024af45eaa50 nmethod 1040 0x0000024adc7c6810 code [0x0000024adc7c6a00, 0x0000024adc7c6e28]
Event: 1.335 Thread 0x0000024af45eaa50 1041       3       java.util.zip.CRC32::updateBytes (14 bytes)
Event: 1.336 Thread 0x0000024af45eaa50 nmethod 1041 0x0000024adc7c7010 code [0x0000024adc7c71e0, 0x0000024adc7c7590]
Event: 1.336 Thread 0x0000024af45eaa50 1042       3       java.util.zip.CRC32::updateBytesCheck (35 bytes)
Event: 1.336 Thread 0x0000024af45eaa50 nmethod 1042 0x0000024adc7c7790 code [0x0000024adc7c7960, 0x0000024adc7c7ca8]
Event: 1.336 Thread 0x0000024af45eaa50 1043       3       java.io.WinNTFileSystem::resolve (349 bytes)
Event: 1.360 Thread 0x0000024af45e4a80 1046       4       java.nio.Buffer::session (20 bytes)
Event: 1.360 Thread 0x0000024ac53804d0 1047   !   4       jdk.internal.misc.ScopedMemoryAccess::getByte (16 bytes)
Event: 1.360 Thread 0x0000024af45e4a80 nmethod 1046 0x0000024ae413e610 code [0x0000024ae413e780, 0x0000024ae413e830]
Event: 1.361 Thread 0x0000024ac53804d0 nmethod 1047 0x0000024ae413e910 code [0x0000024ae413eaa0, 0x0000024ae413eb78]

GC Heap History (2 events):
Event: 1.265 GC heap before
{Heap before GC invocations=0 (full 0):
 garbage-first heap   total reserved 5214208K, committed 327680K, used 16384K [0x00000006c1c00000, 0x0000000800000000)
  region size 4096K, 4 young (16384K), 0 survivors (0K)
 Metaspace       used 4372K, committed 4608K, reserved 1114112K
  class space    used 492K, committed 576K, reserved 1048576K
}
Event: 1.271 GC heap after
{Heap after GC invocations=1 (full 0):
 garbage-first heap   total reserved 5214208K, committed 327680K, used 5818K [0x00000006c1c00000, 0x0000000800000000)
  region size 4096K, 1 young (4096K), 1 survivors (4096K)
 Metaspace       used 4372K, committed 4608K, reserved 1114112K
  class space    used 492K, committed 576K, reserved 1048576K
}

Dll operation events (10 events):
Event: 0.034 Loaded shared library C:\Users\LENOVO\.jdks\openjdk-22.0.1\bin\java.dll
Event: 0.085 Loaded shared library C:\Users\LENOVO\.jdks\openjdk-22.0.1\bin\jsvml.dll
Event: 0.305 Loaded shared library C:\Users\LENOVO\.jdks\openjdk-22.0.1\bin\zip.dll
Event: 0.316 Loaded shared library C:\Users\LENOVO\.jdks\openjdk-22.0.1\bin\instrument.dll
Event: 0.327 Loaded shared library C:\Users\LENOVO\.jdks\openjdk-22.0.1\bin\net.dll
Event: 0.330 Loaded shared library C:\Users\LENOVO\.jdks\openjdk-22.0.1\bin\nio.dll
Event: 0.336 Loaded shared library C:\Users\LENOVO\.jdks\openjdk-22.0.1\bin\zip.dll
Event: 0.632 Loaded shared library C:\Program Files\JetBrains\IntelliJ IDEA Community Edition 2024.1.4\bin\breakgen64.dll
Event: 0.656 Loaded shared library C:\Users\LENOVO\.jdks\openjdk-22.0.1\bin\extnet.dll
Event: 0.762 Loaded shared library C:\Users\LENOVO\.jdks\openjdk-22.0.1\bin\jimage.dll

Deoptimization events (20 events):
Event: 0.772 Thread 0x0000024ad28f5d30 DEOPT PACKING pc=0x0000024adc660cda sp=0x000000f8a32fd320
Event: 0.772 Thread 0x0000024ad28f5d30 DEOPT UNPACKING pc=0x0000024ae3b94e42 sp=0x000000f8a32fc7b0 mode 0
Event: 0.776 Thread 0x0000024ad28f5d30 DEOPT PACKING pc=0x0000024adc660cda sp=0x000000f8a32f9bc0
Event: 0.776 Thread 0x0000024ad28f5d30 DEOPT UNPACKING pc=0x0000024ae3b94e42 sp=0x000000f8a32f9050 mode 0
Event: 0.850 Thread 0x0000024ad28f5d30 Uncommon trap: trap_request=0xffffff6e fr.pc=0x0000024ae410825c relative=0x00000000000001bc
Event: 0.850 Thread 0x0000024ad28f5d30 Uncommon trap: reason=loop_limit_check action=maybe_recompile pc=0x0000024ae410825c method=java.lang.StringLatin1.lastIndexOf([BII)I @ 19 c2
Event: 0.850 Thread 0x0000024ad28f5d30 DEOPT PACKING pc=0x0000024ae410825c sp=0x000000f8a32fcfe0
Event: 0.851 Thread 0x0000024ad28f5d30 DEOPT UNPACKING pc=0x0000024ae3b946a2 sp=0x000000f8a32fcf60 mode 2
Event: 0.971 Thread 0x0000024ad28f5d30 DEOPT PACKING pc=0x0000024adc68e0a5 sp=0x000000f8a32fd550
Event: 0.971 Thread 0x0000024ad28f5d30 DEOPT UNPACKING pc=0x0000024ae3b94e42 sp=0x000000f8a32fc9a0 mode 0
Event: 1.117 Thread 0x0000024ad28f5d30 DEOPT PACKING pc=0x0000024adc65c343 sp=0x000000f8a32fdb30
Event: 1.117 Thread 0x0000024ad28f5d30 DEOPT UNPACKING pc=0x0000024ae3b94e42 sp=0x000000f8a32fcfa8 mode 0
Event: 1.271 Thread 0x0000024af45b05b0 Uncommon trap: trap_request=0xffffff45 fr.pc=0x0000024ae410dc40 relative=0x0000000000000040
Event: 1.271 Thread 0x0000024af45b05b0 Uncommon trap: reason=unstable_if action=reinterpret pc=0x0000024ae410dc40 method=java.util.concurrent.locks.AbstractQueuedSynchronizer.signalNext(Ljava/util/concurrent/locks/AbstractQueuedSynchronizer$Node;)V @ 1 c2
Event: 1.271 Thread 0x0000024af45b05b0 DEOPT PACKING pc=0x0000024ae410dc40 sp=0x000000f8a3aff180
Event: 1.271 Thread 0x0000024af45b05b0 DEOPT UNPACKING pc=0x0000024ae3b946a2 sp=0x000000f8a3aff110 mode 2
Event: 1.356 Thread 0x0000024ad28f5d30 Uncommon trap: trap_request=0xffffff45 fr.pc=0x0000024ae4139f78 relative=0x00000000000000d8
Event: 1.356 Thread 0x0000024ad28f5d30 Uncommon trap: reason=unstable_if action=reinterpret pc=0x0000024ae4139f78 method=java.util.concurrent.locks.ReentrantLock$Sync.tryRelease(I)Z @ 26 c2
Event: 1.356 Thread 0x0000024ad28f5d30 DEOPT PACKING pc=0x0000024ae4139f78 sp=0x000000f8a32fe700
Event: 1.356 Thread 0x0000024ad28f5d30 DEOPT UNPACKING pc=0x0000024ae3b946a2 sp=0x000000f8a32fe6a0 mode 2

Classes loaded (20 events):
Event: 1.362 Loading class jdk/internal/logger/SimpleConsoleLogger done
Event: 1.362 Loading class jdk/internal/logger/SurrogateLogger done
Event: 1.362 Loading class java/lang/System$Logger$Level
Event: 1.362 Loading class java/lang/System$Logger$Level done
Event: 1.363 Loading class sun/util/logging/PlatformLogger
Event: 1.363 Loading class sun/util/logging/PlatformLogger done
Event: 1.363 Loading class sun/util/logging/PlatformLogger$Level
Event: 1.363 Loading class sun/util/logging/PlatformLogger$Level done
Event: 1.363 Loading class jdk/internal/logger/SimpleConsoleLogger$Formatting
Event: 1.363 Loading class jdk/internal/logger/SimpleConsoleLogger$Formatting done
Event: 1.363 Loading class java/util/logging/ErrorManager
Event: 1.363 Loading class java/util/logging/ErrorManager done
Event: 1.364 Loading class java/util/logging/Handler$1
Event: 1.364 Loading class java/util/logging/Handler$1 done
Event: 1.364 Loading class java/util/logging/StreamHandler$1
Event: 1.364 Loading class java/util/logging/StreamHandler$1 done
Event: 1.364 Loading class java/util/logging/LogManager$CloseOnReset
Event: 1.364 Loading class java/util/logging/LogManager$CloseOnReset done
Event: 1.364 Loading class java/util/MissingResourceException
Event: 1.364 Loading class java/util/MissingResourceException done

Classes unloaded (0 events):
No events

Classes redefined (0 events):
No events

Internal exceptions (16 events):
Event: 0.608 Thread 0x0000024ad28f5d30 Exception <a 'java/lang/NoSuchMethodError'{0x00000006d575ac68}: 'void java.lang.invoke.DirectMethodHandle$Holder.invokeStatic(java.lang.Object, java.lang.Object, java.lang.Object)'> (0x00000006d575ac68) 
thrown [s\open\src\hotspot\share\interpreter\linkResolver.cpp, line 774]
Event: 0.617 Thread 0x0000024ad28f5d30 Exception <a 'java/lang/NoSuchMethodError'{0x00000006d5772700}: 'java.lang.Object java.lang.invoke.Invokers$Holder.invokeExact_MT(java.lang.Object, java.lang.Object, java.lang.Object, java.lang.Object, java.lang.Object)'> (0x00000006d5772700) 
thrown [s\open\src\hotspot\share\interpreter\linkResolver.cpp, line 774]
Event: 0.659 Thread 0x0000024ac550dda0 Exception <a 'java/lang/NoSuchMethodError'{0x00000006d57d2118}: 'void java.lang.invoke.DirectMethodHandle$Holder.invokeStatic(java.lang.Object, java.lang.Object)'> (0x00000006d57d2118) 
thrown [s\open\src\hotspot\share\interpreter\linkResolver.cpp, line 774]
Event: 0.857 Thread 0x0000024ad28f5d30 Exception <a 'java/lang/ClassNotFoundException'{0x00000006d518d310}: javax/smartcardio/CardPermission> (0x00000006d518d310) 
thrown [s\open\src\hotspot\share\classfile\systemDictionary.cpp, line 313]
Event: 0.863 Thread 0x0000024ad28f5d30 Exception <a 'java/io/FileNotFoundException'{0x00000006d519b200}> (0x00000006d519b200) 
thrown [s\open\src\hotspot\share\prims\jni.cpp, line 520]
Event: 0.902 Thread 0x0000024ad28f5d30 Exception <a 'java/lang/NoSuchMethodError'{0x00000006d52285b8}: 'java.lang.Object java.lang.invoke.DirectMethodHandle$Holder.invokeSpecial(java.lang.Object, java.lang.Object, java.lang.Object, long, java.lang.Object)'> (0x00000006d52285b8) 
thrown [s\open\src\hotspot\share\interpreter\linkResolver.cpp, line 774]
Event: 0.903 Thread 0x0000024ad28f5d30 Exception <a 'java/lang/NoSuchMethodError'{0x00000006d522bf18}: 'java.lang.Object java.lang.invoke.Invokers$Holder.linkToTargetMethod(java.lang.Object, long, java.lang.Object, java.lang.Object)'> (0x00000006d522bf18) 
thrown [s\open\src\hotspot\share\interpreter\linkResolver.cpp, line 774]
Event: 1.026 Thread 0x0000024ad28f5d30 Exception <a 'java/lang/NoSuchMethodError'{0x00000006d4c10b28}: 'void java.lang.invoke.DirectMethodHandle$Holder.invokeStatic(java.lang.Object, java.lang.Object, java.lang.Object, java.lang.Object)'> (0x00000006d4c10b28) 
thrown [s\open\src\hotspot\share\interpreter\linkResolver.cpp, line 774]
Event: 1.087 Thread 0x0000024ad28f5d30 Exception <a 'java/lang/NoSuchMethodError'{0x00000006d4d22568}: 'int java.lang.invoke.DirectMethodHandle$Holder.invokeStaticInit(java.lang.Object, java.lang.Object)'> (0x00000006d4d22568) 
thrown [s\open\src\hotspot\share\interpreter\linkResolver.cpp, line 774]
Event: 1.105 Thread 0x0000024ad28f5d30 Exception <a 'java/lang/NoSuchMethodError'{0x00000006d4d5fce8}: 'void java.lang.invoke.DirectMethodHandle$Holder.invokeInterface(java.lang.Object, java.lang.Object, java.lang.Object, java.lang.Object)'> (0x00000006d4d5fce8) 
thrown [s\open\src\hotspot\share\interpreter\linkResolver.cpp, line 774]
Event: 1.208 Thread 0x0000024ad28f5d30 Exception <a 'java/lang/NoSuchMethodError'{0x00000006d4f15b50}: 'java.lang.Object java.lang.invoke.DirectMethodHandle$Holder.invokeInterface(java.lang.Object, java.lang.Object)'> (0x00000006d4f15b50) 
thrown [s\open\src\hotspot\share\interpreter\linkResolver.cpp, line 774]
Event: 1.223 Thread 0x0000024ad28f5d30 Exception <a 'java/lang/NoSuchMethodError'{0x00000006d4f5a1c0}: 'java.lang.Object java.lang.invoke.DirectMethodHandle$Holder.invokeSpecialIFC(java.lang.Object, java.lang.Object, java.lang.Object, java.lang.Object)'> (0x00000006d4f5a1c0) 
thrown [s\open\src\hotspot\share\interpreter\linkResolver.cpp, line 774]
Event: 1.230 Thread 0x0000024ad28f5d30 Exception <a 'java/lang/NoSuchMethodError'{0x00000006d4f74218}: 'java.lang.Object java.lang.invoke.DirectMethodHandle$Holder.invokeInterface(java.lang.Object, java.lang.Object, java.lang.Object)'> (0x00000006d4f74218) 
thrown [s\open\src\hotspot\share\interpreter\linkResolver.cpp, line 774]
Event: 1.287 Thread 0x0000024ad28f5d30 Exception <a 'java/lang/NoSuchMethodError'{0x00000006d5877e70}: 'int java.lang.invoke.DirectMethodHandle$Holder.invokeStaticInit(java.lang.Object, java.lang.Object, java.lang.Object)'> (0x00000006d5877e70) 
thrown [s\open\src\hotspot\share\interpreter\linkResolver.cpp, line 774]
Event: 1.303 Thread 0x0000024ad28f5d30 Exception <a 'java/lang/NoSuchMethodError'{0x00000006d58f1738}: 'java.lang.Object java.lang.invoke.DirectMethodHandle$Holder.newInvokeSpecial(java.lang.Object, java.lang.Object, java.lang.Object, java.lang.Object, java.lang.Object)'> (0x00000006d58f1738) 
thrown [s\open\src\hotspot\share\interpreter\linkResolver.cpp, line 774]
Event: 1.325 Thread 0x0000024ad28f5d30 Exception <a 'java/lang/NoSuchMethodError'{0x00000006d5942688}: 'java.lang.Object java.lang.invoke.DirectMethodHandle$Holder.invokeStaticInit(java.lang.Object, java.lang.Object, java.lang.Object)'> (0x00000006d5942688) 
thrown [s\open\src\hotspot\share\interpreter\linkResolver.cpp, line 774]

ZGC Phase Switch (0 events):
No events

VM Operations (12 events):
Event: 0.236 Executing VM operation: HandshakeAllThreads (Deoptimize)
Event: 0.236 Executing VM operation: HandshakeAllThreads (Deoptimize) done
Event: 0.769 Executing VM operation: HandshakeAllThreads (Deoptimize)
Event: 0.769 Executing VM operation: HandshakeAllThreads (Deoptimize) done
Event: 1.204 Executing VM operation: HandshakeAllThreads (Deoptimize)
Event: 1.204 Executing VM operation: HandshakeAllThreads (Deoptimize) done
Event: 1.204 Executing VM operation: Cleanup
Event: 1.204 Executing VM operation: Cleanup done
Event: 1.204 Executing VM operation: HandshakeAllThreads (Deoptimize)
Event: 1.204 Executing VM operation: HandshakeAllThreads (Deoptimize) done
Event: 1.265 Executing VM operation: G1CollectForAllocation (G1 Evacuation Pause)
Event: 1.271 Executing VM operation: G1CollectForAllocation (G1 Evacuation Pause) done

Events (13 events):
Event: 0.059 Thread 0x0000024ad28f5d30 Thread added: 0x0000024ad28f5d30
Event: 0.081 Thread 0x0000024af45b05b0 Thread added: 0x0000024af45b05b0
Event: 0.081 Thread 0x0000024af45b3440 Thread added: 0x0000024af45b3440
Event: 0.082 Thread 0x0000024af45b4670 Thread added: 0x0000024af45b4670
Event: 0.082 Thread 0x0000024af45b52d0 Thread added: 0x0000024af45b52d0
Event: 0.082 Thread 0x0000024af45b80a0 Thread added: 0x0000024af45b80a0
Event: 0.082 Thread 0x0000024af45e1ce0 Thread added: 0x0000024af45e1ce0
Event: 0.083 Thread 0x0000024af45e4a80 Thread added: 0x0000024af45e4a80
Event: 0.083 Thread 0x0000024af45eaa50 Thread added: 0x0000024af45eaa50
Event: 0.214 Thread 0x0000024ac51a22d0 Thread added: 0x0000024ac51a22d0
Event: 0.383 Thread 0x0000024ac53804d0 Thread added: 0x0000024ac53804d0
Event: 0.633 Thread 0x0000024ac550dda0 Thread added: 0x0000024ac550dda0
Event: 0.633 Thread 0x0000024ac550bcd0 Thread added: 0x0000024ac550bcd0


Dynamic libraries:
0x00007ff6b5560000 - 0x00007ff6b556e000 	C:\Users\LENOVO\.jdks\openjdk-22.0.1\bin\java.exe
0x00007ff902e30000 - 0x00007ff903027000 	C:\Windows\SYSTEM32\ntdll.dll
0x00007ff9021f0000 - 0x00007ff9022ad000 	C:\Windows\System32\KERNEL32.DLL
0x00007ff900790000 - 0x00007ff900a86000 	C:\Windows\System32\KERNELBASE.dll
0x00007ff900ca0000 - 0x00007ff900da0000 	C:\Windows\System32\ucrtbase.dll
0x00007ff8fb8a0000 - 0x00007ff8fb8bb000 	C:\Users\LENOVO\.jdks\openjdk-22.0.1\bin\VCRUNTIME140.dll
0x00007ff8ee780000 - 0x00007ff8ee797000 	C:\Users\LENOVO\.jdks\openjdk-22.0.1\bin\jli.dll
0x00007ff900fc0000 - 0x00007ff90115e000 	C:\Windows\System32\USER32.dll
0x00007ff8ffba0000 - 0x00007ff8ffe3a000 	C:\Windows\WinSxS\amd64_microsoft.windows.common-controls_6595b64144ccf1df_6.0.19041.3570_none_60bb2a3971f3e41a\COMCTL32.dll
0x00007ff900c40000 - 0x00007ff900c62000 	C:\Windows\System32\win32u.dll
0x00007ff902ba0000 - 0x00007ff902c3e000 	C:\Windows\System32\msvcrt.dll
0x00007ff9011c0000 - 0x00007ff9011ec000 	C:\Windows\System32\GDI32.dll
0x00007ff900670000 - 0x00007ff90078a000 	C:\Windows\System32\gdi32full.dll
0x00007ff900df0000 - 0x00007ff900e8d000 	C:\Windows\System32\msvcp_win.dll
0x00007ff9026c0000 - 0x00007ff9026f0000 	C:\Windows\System32\IMM32.DLL
0x00007ff8f3f70000 - 0x00007ff8f3f7c000 	C:\Users\LENOVO\.jdks\openjdk-22.0.1\bin\vcruntime140_1.dll
0x00007ff8ee6f0000 - 0x00007ff8ee77e000 	C:\Users\LENOVO\.jdks\openjdk-22.0.1\bin\msvcp140.dll
0x00007ff8aafd0000 - 0x00007ff8abd17000 	C:\Users\LENOVO\.jdks\openjdk-22.0.1\bin\server\jvm.dll
0x00007ff9020e0000 - 0x00007ff90218e000 	C:\Windows\System32\ADVAPI32.dll
0x00007ff902700000 - 0x00007ff90279c000 	C:\Windows\System32\sechost.dll
0x00007ff902c60000 - 0x00007ff902d86000 	C:\Windows\System32\RPCRT4.dll
0x00007ff9028d0000 - 0x00007ff90293b000 	C:\Windows\System32\WS2_32.dll
0x00007ff900110000 - 0x00007ff90015b000 	C:\Windows\SYSTEM32\POWRPROF.dll
0x00007ff8e6770000 - 0x00007ff8e6797000 	C:\Windows\SYSTEM32\WINMM.dll
0x00007ff8ef050000 - 0x00007ff8ef05a000 	C:\Windows\SYSTEM32\VERSION.dll
0x00007ff8ffe40000 - 0x00007ff8ffe52000 	C:\Windows\SYSTEM32\UMPDC.dll
0x00007ff8fe6d0000 - 0x00007ff8fe6e2000 	C:\Windows\SYSTEM32\kernel.appcore.dll
0x00007ff8ee6e0000 - 0x00007ff8ee6ea000 	C:\Users\LENOVO\.jdks\openjdk-22.0.1\bin\jimage.dll
0x00007ff8ffea0000 - 0x00007ff900084000 	C:\Windows\SYSTEM32\DBGHELP.DLL
0x00007ff8ffe60000 - 0x00007ff8ffe94000 	C:\Windows\SYSTEM32\dbgcore.DLL
0x00007ff900bb0000 - 0x00007ff900c32000 	C:\Windows\System32\bcryptPrimitives.dll
0x00007ff8ee580000 - 0x00007ff8ee58f000 	C:\Users\LENOVO\.jdks\openjdk-22.0.1\bin\instrument.dll
0x00007ff8ee6c0000 - 0x00007ff8ee6de000 	C:\Users\LENOVO\.jdks\openjdk-22.0.1\bin\java.dll
0x00007ff9011f0000 - 0x00007ff901934000 	C:\Windows\System32\SHELL32.dll
0x00007ff9027a0000 - 0x00007ff9028cb000 	C:\Windows\System32\ole32.dll
0x00007ff9022b0000 - 0x00007ff902604000 	C:\Windows\System32\combase.dll
0x00007ff8fdf20000 - 0x00007ff8fe6bb000 	C:\Windows\SYSTEM32\windows.storage.dll
0x00007ff8ff920000 - 0x00007ff8ff94d000 	C:\Windows\SYSTEM32\Wldp.dll
0x00007ff902940000 - 0x00007ff9029ed000 	C:\Windows\System32\SHCORE.dll
0x00007ff902d90000 - 0x00007ff902de5000 	C:\Windows\System32\shlwapi.dll
0x00007ff900440000 - 0x00007ff900465000 	C:\Windows\SYSTEM32\profapi.dll
0x00007ff8ee5e0000 - 0x00007ff8ee6b7000 	C:\Users\LENOVO\.jdks\openjdk-22.0.1\bin\jsvml.dll
0x00007ff8ee590000 - 0x00007ff8ee5a7000 	C:\Users\LENOVO\.jdks\openjdk-22.0.1\bin\zip.dll
0x00007ff8ee5d0000 - 0x00007ff8ee5e0000 	C:\Users\LENOVO\.jdks\openjdk-22.0.1\bin\net.dll
0x00007ff8ff550000 - 0x00007ff8ff5ba000 	C:\Windows\system32\mswsock.dll
0x00007ff8ee5b0000 - 0x00007ff8ee5c6000 	C:\Users\LENOVO\.jdks\openjdk-22.0.1\bin\nio.dll
0x00007ff8ee4e0000 - 0x00007ff8ee4fa000 	C:\Program Files\JetBrains\IntelliJ IDEA Community Edition 2024.1.4\bin\breakgen64.dll
0x00007ff8ee570000 - 0x00007ff8ee579000 	C:\Users\LENOVO\.jdks\openjdk-22.0.1\bin\extnet.dll

dbghelp: loaded successfully - version: 4.0.5 - missing functions: none
symbol engine: initialized successfully - sym options: 0x614 - pdb path: .;C:\Users\LENOVO\.jdks\openjdk-22.0.1\bin;C:\Windows\SYSTEM32;C:\Windows\WinSxS\amd64_microsoft.windows.common-controls_6595b64144ccf1df_6.0.19041.3570_none_60bb2a3971f3e41a;C:\Users\LENOVO\.jdks\openjdk-22.0.1\bin\server;C:\Program Files\JetBrains\IntelliJ IDEA Community Edition 2024.1.4\bin

VM Arguments:
jvm_args: -javaagent:C:\Program Files\JetBrains\IntelliJ IDEA Community Edition 2024.1.4\lib\idea_rt.jar=50479:C:\Program Files\JetBrains\IntelliJ IDEA Community Edition 2024.1.4\bin -Dfile.encoding=UTF-8 -Dsun.stdout.encoding=UTF-8 -Dsun.stderr.encoding=UTF-8 
java_command: com.sakshi.springboot.carinventory.CarinventoryApplication
java_class_path (initial): C:\Users\LENOVO\Desktop\Inventory Management\carinventory\target\classes;C:\Users\LENOVO\.m2\repository\org\springframework\boot\spring-boot-starter-data-jpa\3.3.2\spring-boot-starter-data-jpa-3.3.2.jar;C:\Users\LENOVO\.m2\repository\org\springframework\boot\spring-boot-starter-aop\3.3.2\spring-boot-starter-aop-3.3.2.jar;C:\Users\LENOVO\.m2\repository\org\springframework\spring-aop\6.1.11\spring-aop-6.1.11.jar;C:\Users\LENOVO\.m2\repository\org\aspectj\aspectjweaver\1.9.22.1\aspectjweaver-1.9.22.1.jar;C:\Users\LENOVO\.m2\repository\org\springframework\boot\spring-boot-starter-jdbc\3.3.2\spring-boot-starter-jdbc-3.3.2.jar;C:\Users\LENOVO\.m2\repository\com\zaxxer\HikariCP\5.1.0\HikariCP-5.1.0.jar;C:\Users\LENOVO\.m2\repository\org\springframework\spring-jdbc\6.1.11\spring-jdbc-6.1.11.jar;C:\Users\LENOVO\.m2\repository\org\hibernate\orm\hibernate-core\6.5.2.Final\hibernate-core-6.5.2.Final.jar;C:\Users\LENOVO\.m2\repository\jakarta\persistence\jakarta.persistence-api\3.1.0\jakarta.persistence-api-3.1.0.jar;C:\Users\LENOVO\.m2\repository\jakarta\transaction\jakarta.transaction-api\2.0.1\jakarta.transaction-api-2.0.1.jar;C:\Users\LENOVO\.m2\repository\org\jboss\logging\jboss-logging\3.5.3.Final\jboss-logging-3.5.3.Final.jar;C:\Users\LENOVO\.m2\repository\org\hibernate\common\hibernate-commons-annotations\6.0.6.Final\hibernate-commons-annotations-6.0.6.Final.jar;C:\Users\LENOVO\.m2\repository\io\smallrye\jandex\3.1.2\jandex-3.1.2.jar;C:\Users\LENOVO\.m2\repository\com\fasterxml\classmate\1.7.0\classmate-1.7.0.jar;C:\Users\LENOVO\.m2\repository\net\bytebuddy\byte-buddy\1.14.18\byte-buddy-1.14.18.jar;C:\Users\LENOVO\.m2\repository\org\glassfish\jaxb\jaxb-runtime\4.0.5\jaxb-runtime-4.0.5.jar;C:\Users\LENOVO\.m2\repository\org\glassfish\jaxb\jaxb-core\4.0.5\jaxb-core-4.0.5.jar;C:\Users\LENOVO\.m2\repository\org\eclipse\angus\angus-activation\2.0.2\angus-activation-2.0.2.jar;C:\Users\LENOVO\.m2\repository\org\glassfish\jaxb\txw2\4.0.5\txw2-4.0.5.jar;C:\Users\LENOVO\.m2\repository\com\sun\istack\istack-commons-runtime\4.1.2\istack-commons-runtime-4.1.2.jar;C:\Users\LENOVO\.m2\repository\jakarta\inject\jakarta.inject-api\2.0.1\jakarta.inject-api-2.0.1.jar;C:\Users\LENOVO\.m2\repository\org\antlr\antlr4-runtime\4.13.0\antlr4-runtime-4.13.0.jar;C:\Users\LENOVO\.m2\repository\org\springframework\data\spring-data-jpa\3.3.2\spring-data-jpa-3.3.2.jar;C:\Users\LENOVO\.m2\repository\org\springframework\data\spring-data-commons\3.3.2\spring-data-commons-3.3.2.jar;C:\Users\LENOVO\.m2\repository\org\springframework\spring-orm\6.1.11\spring-orm-6.1.11.jar;C:\Users\LENOVO\.m2\repository\org\springframework\spring-context\6.1.11\spring-context-6.1.11.jar;C:\Users\LENOVO\.m2\repository\org\springframework\spring-tx\6.1.11\spring-tx-6.1.11.jar;C:\Users\LENOVO\.m2\repository\org\springframework\spring-beans\6.1.11\spring-beans-6.1.11.jar;C:\Users\LENOVO\.m2\repository\jakarta\annotation\jakarta.annotation-api\2.1.1\jakarta.annotation-api-2.1.1.jar;C:\Users\LENOVO\.m2\repository\org\slf4j\slf4j-api\2.0.13\slf4j-api-2.0.13.jar;C:\Users\LENOVO\.m2\repository\org\springframework\spring-aspects\6.1.11\spring-aspects-6.1.11.jar;C:\Users\LENOVO\.m2\repository\org\springframework\boot\spring-boot-starter-web\3.3.2\spring-boot-starter-web-3.3.2.jar;C:\Users\LENOVO\.m2\repository\org\springframework\boot\spring-boot-starter\3.3.2\spring-boot-starter-3.3.2.jar;C:\Users\LENOVO\.m2\repository\org\springframework\boot\spring-boot\3.3.2\spring-boot-3.3.2.jar;C:\Users\LENOVO\.m2\repository\org\springframework\boot\spring-boot-autoconfigure\3.3.2\spring-boot-autoconfigure-3.3.2.jar;C:\Users\LENOVO\.m2\repository\org\springframework\boot\spring-boot-starter-logging\3.3.2\spring-boot-starter-logging-3.3.2.jar;C:\Users\LENOVO\.m2\repository\ch\qos\logback\logback-classic\1.5.6\logback-classic-1.5.6.jar;C:\Users\LENOVO\.m2\repository\ch\qos\logback\logback-core\1.5.6\logback-core-1.5.6.jar;C:\Users\LENOVO\.m2\repository\org\apache\logging\log4j\log4j-to-slf4j\2.23.1\log4j-to-slf4j-2.23.1.jar;C:\Users\LENOVO\.m2\repository\org\apache\logging\log4j\log4j-api\2.23.1\log4j-api-2.23.1.jar;C:\Users\LENOVO\.m2\repository\org\slf4j\jul-to-slf4j\2.0.13\jul-to-slf4j-2.0.13.jar;C:\Users\LENOVO\.m2\repository\org\yaml\snakeyaml\2.2\snakeyaml-2.2.jar;C:\Users\LENOVO\.m2\repository\org\springframework\boot\spring-boot-starter-json\3.3.2\spring-boot-starter-json-3.3.2.jar;C:\Users\LENOVO\.m2\repository\com\fasterxml\jackson\core\jackson-databind\2.17.2\jackson-databind-2.17.2.jar;C:\Users\LENOVO\.m2\repository\com\fasterxml\jackson\core\jackson-annotations\2.17.2\jackson-annotations-2.17.2.jar;C:\Users\LENOVO\.m2\repository\com\fasterxml\jackson\core\jackson-core\2.17.2\jackson-core-2.17.2.jar;C:\Users\LENOVO\.m2\repository\com\fasterxml\jackson\datatype\jackson-datatype-jdk8\2.17.2\jackson-datatype-jdk8-2.17.2.jar;C:\Users\LENOVO\.m2\repository\com\fasterxml\jackson\datatype\jackson-datatype-jsr310\2.17.2\jackson-datatype-jsr310-2.17.2.jar;C:\Users\LENOVO\.m2\repository\com\fasterxml\jackson\module\jackson-module-parameter-names\2.17.2\jackson-module-parameter-names-2.17.2.jar;C:\Users\LENOVO\.m2\repository\org\springframework\boot\spring-boot-starter-tomcat\3.3.2\spring-boot-starter-tomcat-3.3.2.jar;C:\Users\LENOVO\.m2\repository\org\apache\tomcat\embed\tomcat-embed-core\10.1.26\tomcat-embed-core-10.1.26.jar;C:\Users\LENOVO\.m2\repository\org\apache\tomcat\embed\tomcat-embed-el\10.1.26\tomcat-embed-el-10.1.26.jar;C:\Users\LENOVO\.m2\repository\org\apache\tomcat\embed\tomcat-embed-websocket\10.1.26\tomcat-embed-websocket-10.1.26.jar;C:\Users\LENOVO\.m2\repository\org\springframework\spring-web\6.1.11\spring-web-6.1.11.jar;C:\Users\LENOVO\.m2\repository\io\micrometer\micrometer-observation\1.13.2\micrometer-observation-1.13.2.jar;C:\Users\LENOVO\.m2\repository\io\micrometer\micrometer-commons\1.13.2\micrometer-commons-1.13.2.jar;C:\Users\LENOVO\.m2\repository\org\springframework\spring-webmvc\6.1.11\spring-webmvc-6.1.11.jar;C:\Users\LENOVO\.m2\repository\org\springframework\spring-expression\6.1.11\spring-expression-6.1.11.jar;C:\Users\LENOVO\.m2\repository\com\mysql\mysql-connector-j\8.3.0\mysql-connector-j-8.3.0.jar;C:\Users\LENOVO\.m2\repository\org\projectlombok\lombok\1.18.34\lombok-1.18.34.jar;C:\Users\LENOVO\.m2\repository\jakarta\xml\bind\jakarta.xml.bind-api\4.0.2\jakarta.xml.bind-api-4.0.2.jar;C:\Users\LENOVO\.m2\repository\jakarta\activation\jakarta.activation-api\2.1.3\jakarta.activation-api-2.1.3.jar;C:\Users\LENOVO\.m2\repository\org\springframework\spring-core\6.1.11\spring-core-6.1.11.jar;C:\Users\LENOVO\.m2\repository\org\springframework\spring-jcl\6.1.11\spring-jcl-6.1.11.jar
Launcher Type: SUN_STANDARD

[Global flags]
     intx CICompilerCount                          = 3                                         {product} {ergonomic}
     uint ConcGCThreads                            = 1                                         {product} {ergonomic}
     uint G1ConcRefinementThreads                  = 4                                         {product} {ergonomic}
   size_t G1HeapRegionSize                         = 4194304                                   {product} {ergonomic}
   size_t InitialHeapSize                          = 335544320                                 {product} {ergonomic}
   size_t MarkStackSize                            = 4194304                                   {product} {ergonomic}
   size_t MaxHeapSize                              = 5339348992                                {product} {ergonomic}
   size_t MaxNewSize                               = 3200253952                                {product} {ergonomic}
   size_t MinHeapDeltaBytes                        = 4194304                                   {product} {ergonomic}
   size_t MinHeapSize                              = 8388608                                   {product} {ergonomic}
    uintx NonNMethodCodeHeapSize                   = 5832780                                {pd product} {ergonomic}
    uintx NonProfiledCodeHeapSize                  = 122912730                              {pd product} {ergonomic}
     bool PerfDisableSharedMem                     = true                                      {product} {ergonomic}
    uintx ProfiledCodeHeapSize                     = 122912730                              {pd product} {ergonomic}
    uintx ReservedCodeCacheSize                    = 251658240                              {pd product} {ergonomic}
     bool SegmentedCodeCache                       = true                                      {product} {ergonomic}
   size_t SoftMaxHeapSize                          = 5339348992                             {manageable} {ergonomic}
     bool UseCompressedOops                        = true                           {product lp64_product} {ergonomic}
     bool UseG1GC                                  = true                                      {product} {ergonomic}
     bool UseLargePagesIndividualAllocation        = false                                  {pd product} {ergonomic}

Logging:
Log output configuration:
 #0: stdout all=warning uptime,level,tags foldmultilines=false
 #1: stderr all=off uptime,level,tags foldmultilines=false

Environment Variables:
PATH=C:\Program Files\Common Files\Oracle\Java\javapath;C:\Program Files (x86)\Common Files\Oracle\Java\javapath;C:\Windows\system32;C:\Windows;C:\Windows\System32\Wbem;C:\Windows\System32\WindowsPowerShell\v1.0\;C:\Windows\System32\OpenSSH\;C:\Program Files\Java\jdk-22\bin;C:\Program Files\MySQL\MySQL Server 8.0\bin;C:\Program Files\Git\cmd;C:\Program Files\MySQL\MySQL Shell 8.0\bin\;C:\Users\LENOVO\AppData\Local\Programs\Python\Python312\Scripts\;C:\Users\LENOVO\AppData\Local\Programs\Python\Python312\;C:\Users\LENOVO\AppData\Local\Programs\Python\Launcher\;C:\Users\LENOVO\AppData\Local\Microsoft\WindowsApps;C:\Users\LENOVO\AppData\Local\Programs\Microsoft VS Code\bin;C:\Program Files\Java\jdk-17\bin;;C:\Program Files\JetBrains\IntelliJ IDEA Community Edition 2024.1.4\bin;
USERNAME=LENOVO
OS=Windows_NT
PROCESSOR_IDENTIFIER=Intel64 Family 6 Model 78 Stepping 3, GenuineIntel
TMP=C:\Users\LENOVO\AppData\Local\Temp
TEMP=C:\Users\LENOVO\AppData\Local\Temp




Periodic native trim disabled

---------------  S Y S T E M  ---------------

OS:
 Windows 10 , 64 bit Build 19041 (10.0.19041.3570)
OS uptime: 0 days 0:28 hours

CPU: total 4 (initial active 4) (2 cores per cpu, 2 threads per core) family 6 model 78 stepping 3 microcode 0xf0, cx8, cmov, fxsr, ht, mmx, 3dnowpref, sse, sse2, sse3, ssse3, sse4.1, sse4.2, popcnt, lzcnt, tsc, tscinvbit, avx, avx2, aes, erms, clmul, bmi1, bmi2, rtm, adx, fma, vzeroupper, clflush, clflushopt, rdtscp, f16c
Processor Information for all 4 processors :
  Max Mhz: 2496, Current Mhz: 2396, Mhz Limit: 2396

Memory: 4k page, system-wide physical 20355M (15245M free)
TotalPageFile size 23427M (AvailPageFile size 17558M)
current process WorkingSet (physical memory assigned to process): 76M, peak: 76M
current process commit charge ("private bytes"): 413M, peak: 413M

vm_info: OpenJDK 64-Bit Server VM (22.0.1+8-16) for windows-amd64 JRE (22.0.1+8-16), built on 2024-03-12T10:33:16Z by "mach5one" with MS VC++ 17.6 (VS2022)

END.
